c:\users\zacam\desktop\sdl_project20a.1.3\sdl_project\debug\vc142.pdb
c:\users\zacam\desktop\sdl_project20a.1.3\sdl_project\debug\vc142.idb
c:\users\zacam\desktop\sdl_project20a.1.3\sdl_project\debug\window.obj
c:\users\zacam\desktop\sdl_project20a.1.3\sdl_project\debug\vmath.obj
c:\users\zacam\desktop\sdl_project20a.1.3\sdl_project\debug\timer.obj
c:\users\zacam\desktop\sdl_project20a.1.3\sdl_project\debug\scene0.obj
c:\users\zacam\desktop\sdl_project20a.1.3\sdl_project\debug\randomizer.obj
c:\users\zacam\desktop\sdl_project20a.1.3\sdl_project\debug\mmath.obj
c:\users\zacam\desktop\sdl_project20a.1.3\sdl_project\debug\main.obj
c:\users\zacam\desktop\sdl_project20a.1.3\sdl_project\debug\gamemanager.obj
c:\users\zacam\desktop\sdl_project20a.1.3\sdl_project\debug\scene1.obj
c:\users\zacam\desktop\sdl_project20a.1.3\sdl_project\debug\body.obj
c:\users\zacam\desktop\sdl_project20a.1.3\debug\sdl_project.exe
c:\users\zacam\desktop\sdl_project20a.1.3\debug\sdl_project.ilk
c:\users\zacam\desktop\sdl_project20a.1.3\debug\sdl_project.pdb
c:\users\zacam\desktop\sdl_project20a.1.3\sdl_project\debug\sdl_project.tlog\cl.command.1.tlog
c:\users\zacam\desktop\sdl_project20a.1.3\sdl_project\debug\sdl_project.tlog\cl.read.1.tlog
c:\users\zacam\desktop\sdl_project20a.1.3\sdl_project\debug\sdl_project.tlog\cl.write.1.tlog
c:\users\zacam\desktop\sdl_project20a.1.3\sdl_project\debug\sdl_project.tlog\link.command.1.tlog
c:\users\zacam\desktop\sdl_project20a.1.3\sdl_project\debug\sdl_project.tlog\link.read.1.tlog
c:\users\zacam\desktop\sdl_project20a.1.3\sdl_project\debug\sdl_project.tlog\link.write.1.tlog
